Using pre-set license
Built from '2020.3/release' branch; Version is '2020.3.15f2 (6cf78cb77498) revision 7141260'; Using compiler version '192528614'; Build Type 'Release'
OS: 'Windows 10 Home Single Language; OS build 22621.2715; Version 2009; 64bit' Language: 'en' Physical Memory: 8088 MB
BatchMode: 1, IsHumanControllingUs: 0, StartBugReporterOnCrash: 0, Is64bit: 1, IsPro: 0

 COMMAND LINE ARGUMENTS:
C:\Program Files\Unity\Hub\Editor\2020.3.15f2\Editor\Unity.exe
-adb2
-batchMode
-noUpm
-name
AssetImportWorker0
-projectPath
F:/Gonut/Gonut
-logFile
Logs/AssetImportWorker0.log
-srvPort
54990
Successfully changed project path to: F:/Gonut/Gonut
F:/Gonut/Gonut
Using Asset Import Pipeline V2.
Refreshing native plugins compatible for Editor in 72.79 ms, found 2 plugins.
Preloading 0 native plugins for Editor in 0.00 ms.
Initialize engine version: 2020.3.15f2 (6cf78cb77498)
[Subsystems] Discovering subsystems at path C:/Program Files/Unity/Hub/Editor/2020.3.15f2/Editor/Data/Resources/UnitySubsystems
[Subsystems] Discovering subsystems at path F:/Gonut/Gonut/Assets
GfxDevice: creating device client; threaded=0
Direct3D:
    Version:  Direct3D 11.0 [level 11.1]
    Renderer: Intel(R) UHD Graphics 620 (ID=0x5917)
    Vendor:   
    VRAM:     4044 MB
    Driver:   27.20.100.9664
Initialize mono
Mono path[0] = 'C:/Program Files/Unity/Hub/Editor/2020.3.15f2/Editor/Data/Managed'
Mono path[1] = 'C:/Program Files/Unity/Hub/Editor/2020.3.15f2/Editor/Data/MonoBleedingEdge/lib/mono/unityjit'
Mono config path = 'C:/Program Files/Unity/Hub/Editor/2020.3.15f2/Editor/Data/MonoBleedingEdge/etc'
Using monoOptions --debugger-agent=transport=dt_socket,embedding=1,server=y,suspend=n,address=127.0.0.1:56784
Begin MonoManager ReloadAssembly
Registering precompiled unity dll's ...
Register platform support module: C:/Program Files/Unity/Hub/Editor/2020.3.15f2/Editor/Data/PlaybackEngines/WindowsStandaloneSupport/UnityEditor.WindowsStandalone.Extensions.dll
Registered in 0.002878 seconds.
Native extension for WindowsStandalone target not found
Refreshing native plugins compatible for Editor in 77.32 ms, found 2 plugins.
Preloading 0 native plugins for Editor in 0.00 ms.
Mono: successfully reloaded assembly
- Completed reload, in  5.313 seconds
Domain Reload Profiling:
	ReloadAssembly (5313ms)
		BeginReloadAssembly (183ms)
			ExecutionOrderSort (0ms)
			DisableScriptedObjects (0ms)
			BackupInstance (0ms)
			ReleaseScriptingObjects (0ms)
			CreateAndSetChildDomain (3ms)
		EndReloadAssembly (824ms)
			LoadAssemblies (176ms)
			RebuildTransferFunctionScriptingTraits (0ms)
			SetupTypeCache (240ms)
			ReleaseScriptCaches (0ms)
			RebuildScriptCaches (138ms)
			SetupLoadedEditorAssemblies (288ms)
				LogAssemblyErrors (0ms)
				InitializePlatformSupportModulesInManaged (16ms)
				SetLoadedEditorAssemblies (1ms)
				RefreshPlugins (77ms)
				BeforeProcessingInitializeOnLoad (12ms)
				ProcessInitializeOnLoadAttributes (135ms)
				ProcessInitializeOnLoadMethodAttributes (47ms)
				AfterProcessingInitializeOnLoad (0ms)
				EditorAssembliesLoaded (0ms)
			ExecutionOrderSort2 (0ms)
			AwakeInstancesAfterBackupRestoration (0ms)
Platform modules already initialized, skipping
Registering precompiled user dll's ...
Registered in 0.003862 seconds.
Begin MonoManager ReloadAssembly
Native extension for WindowsStandalone target not found
Refreshing native plugins compatible for Editor in 0.70 ms, found 2 plugins.
Preloading 0 native plugins for Editor in 0.00 ms.
Mono: successfully reloaded assembly
- Completed reload, in  2.305 seconds
Domain Reload Profiling:
	ReloadAssembly (2306ms)
		BeginReloadAssembly (310ms)
			ExecutionOrderSort (0ms)
			DisableScriptedObjects (12ms)
			BackupInstance (0ms)
			ReleaseScriptingObjects (0ms)
			CreateAndSetChildDomain (33ms)
		EndReloadAssembly (1875ms)
			LoadAssemblies (198ms)
			RebuildTransferFunctionScriptingTraits (0ms)
			SetupTypeCache (568ms)
			ReleaseScriptCaches (1ms)
			RebuildScriptCaches (98ms)
			SetupLoadedEditorAssemblies (830ms)
				LogAssemblyErrors (0ms)
				InitializePlatformSupportModulesInManaged (11ms)
				SetLoadedEditorAssemblies (1ms)
				RefreshPlugins (1ms)
				BeforeProcessingInitializeOnLoad (132ms)
				ProcessInitializeOnLoadAttributes (665ms)
				ProcessInitializeOnLoadMethodAttributes (9ms)
				AfterProcessingInitializeOnLoad (11ms)
				EditorAssembliesLoaded (0ms)
			ExecutionOrderSort2 (0ms)
			AwakeInstancesAfterBackupRestoration (10ms)
Platform modules already initialized, skipping
========================================================================
Worker process is ready to serve import requests
Launched and connected shader compiler UnityShaderCompiler.exe after 0.20 seconds
Refreshing native plugins compatible for Editor in 0.58 ms, found 2 plugins.
Preloading 0 native plugins for Editor in 0.00 ms.
Unloading 1552 Unused Serialized files (Serialized files now loaded: 0)
System memory in use before: 77.7 MB.
System memory in use after: 77.7 MB.

Unloading 18 unused Assets to reduce memory usage. Loaded Objects now: 1989.
Total: 5.743900 ms (FindLiveObjects: 0.318400 ms CreateObjectMapping: 0.114700 ms MarkObjects: 5.155500 ms  DeleteObjects: 0.152200 ms)

AssetImportParameters requested are different than current active one (requested -> active):
  custom:framework-win-MediaFoundation: 216162199b28c13a410421893ffa2e32 -> 
  custom:video-decoder-ogg-theora: a1e56fd34408186e4bbccfd4996cb3dc -> 
  custom:container-muxer-webm: aa71ff27fc2769a1b78a27578f13a17b -> 
  custom:container-demuxer-webm: 4f35f7cbe854078d1ac9338744f61a02 -> 
  custom:container-demuxer-ogg: 62fdf1f143b41e24485cea50d1cbac27 -> 
  custom:video-encoder-webm-vp8: eb34c28f22e8b96e1ab97ce403110664 -> 
  custom:video-decoder-webm-vp8: 9c59270c3fd7afecdb556c50c9e8de78 -> 
  custom:audio-decoder-ogg-vorbis: bf7c407c2cedff20999df2af8eb42d56 -> 
  custom:audio-encoder-webm-vorbis: bf7c407c2cedff20999df2af8eb42d56 -> 
========================================================================
Received Import Request.
  path: Assets/Prefabs/h (3).prefab
  artifactKey: Guid(558ece70c5870f041bb63ac1bf766396) Importer(815301076,1909f56bfc062723c751e8b465ee728b)
Start importing Assets/Prefabs/h (3).prefab using Guid(558ece70c5870f041bb63ac1bf766396) Importer(815301076,1909f56bfc062723c751e8b465ee728b)  -> (artifact id: 'bd57490fc75bbafc1660292faa12ca02') in 0.352139 seconds 
  Import took 0.923272 seconds .

========================================================================
Received Import Request.
  Time since last request: 0.001159 seconds.
  path: Assets/Prefabs/PowerUpGenerator.prefab
  artifactKey: Guid(5359e276e58297e4899fb41810f45833) Importer(815301076,1909f56bfc062723c751e8b465ee728b)
Start importing Assets/Prefabs/PowerUpGenerator.prefab using Guid(5359e276e58297e4899fb41810f45833) Importer(815301076,1909f56bfc062723c751e8b465ee728b)  -> (artifact id: '7838441fc7131cbb77085243723aaac1') in 0.056656 seconds 
  Import took 0.068787 seconds .

========================================================================
Received Import Request.
  Time since last request: 0.001080 seconds.
  path: Assets/Prefabs/Slider.prefab
  artifactKey: Guid(312ac06bf928f5940a911cb501e6a2d4) Importer(815301076,1909f56bfc062723c751e8b465ee728b)
Start importing Assets/Prefabs/Slider.prefab using Guid(312ac06bf928f5940a911cb501e6a2d4) Importer(815301076,1909f56bfc062723c751e8b465ee728b)  -> (artifact id: '3ac5870ae6bb54265d6239408d3f8d5f') in 0.090510 seconds 
  Import took 0.116314 seconds .

========================================================================
Received Import Request.
  Time since last request: 0.000564 seconds.
  path: Assets/Prefabs/h (1).prefab
  artifactKey: Guid(a0699486dfd15c640aaad7735b49b894) Importer(815301076,1909f56bfc062723c751e8b465ee728b)
Start importing Assets/Prefabs/h (1).prefab using Guid(a0699486dfd15c640aaad7735b49b894) Importer(815301076,1909f56bfc062723c751e8b465ee728b)  -> (artifact id: 'c7d3126ee238c76494e2645a68c26265') in 0.043178 seconds 
  Import took 0.069000 seconds .

========================================================================
Received Import Request.
  Time since last request: 0.000982 seconds.
  path: Assets/Prefabs
  artifactKey: Guid(08130ecaaf2bb644dabb18afc87eeffd) Importer(815301076,1909f56bfc062723c751e8b465ee728b)
Start importing Assets/Prefabs using Guid(08130ecaaf2bb644dabb18afc87eeffd) Importer(815301076,1909f56bfc062723c751e8b465ee728b)  -> (artifact id: 'a002f3b1eb94de08c18f869529229af0') in 0.014129 seconds 
  Import took 0.035869 seconds .

========================================================================
Received Import Request.
  Time since last request: 0.001243 seconds.
  path: Assets/Prefabs/Segment Type Three.prefab
  artifactKey: Guid(52b3e634cd57ffd4286d116852068fc4) Importer(815301076,1909f56bfc062723c751e8b465ee728b)
Start importing Assets/Prefabs/Segment Type Three.prefab using Guid(52b3e634cd57ffd4286d116852068fc4) Importer(815301076,1909f56bfc062723c751e8b465ee728b)  -> (artifact id: '82bc8c23a7fcc9a290913ca9f17a7c26') in 0.088651 seconds 
  Import took 0.118114 seconds .

========================================================================
Received Import Request.
  Time since last request: 0.001705 seconds.
  path: Assets/Prefabs/Segment Type One.prefab
  artifactKey: Guid(c8ffca000194b8d4680f14d7094ab449) Importer(815301076,1909f56bfc062723c751e8b465ee728b)
Start importing Assets/Prefabs/Segment Type One.prefab using Guid(c8ffca000194b8d4680f14d7094ab449) Importer(815301076,1909f56bfc062723c751e8b465ee728b)  -> (artifact id: '6a82733059fb4f93737997b533ff10d3') in 0.090296 seconds 
  Import took 0.113686 seconds .

========================================================================
Received Import Request.
  Time since last request: 0.001165 seconds.
  path: Assets/Prefabs/Coin.prefab
  artifactKey: Guid(4a73d579c9c096f46bec1a65cf61a5d9) Importer(815301076,1909f56bfc062723c751e8b465ee728b)
Start importing Assets/Prefabs/Coin.prefab using Guid(4a73d579c9c096f46bec1a65cf61a5d9) Importer(815301076,1909f56bfc062723c751e8b465ee728b)  -> (artifact id: 'cf7a48613c790ec0fa722a6e492abcba') in 0.057779 seconds 
  Import took 0.098914 seconds .

========================================================================
Received Import Request.
  Time since last request: 0.001305 seconds.
  path: Assets/Prefabs/SuperJumper.prefab
  artifactKey: Guid(50e24119ba04556448141ec233d51da3) Importer(815301076,1909f56bfc062723c751e8b465ee728b)
Start importing Assets/Prefabs/SuperJumper.prefab using Guid(50e24119ba04556448141ec233d51da3) Importer(815301076,1909f56bfc062723c751e8b465ee728b)  -> (artifact id: '521c86b1563a89274f4c5e6432ce7d3a') in 0.089575 seconds 
  Import took 0.129106 seconds .

========================================================================
Received Import Request.
  Time since last request: 0.001130 seconds.
  path: Assets/Prefabs/InvincibilityPotion.prefab
  artifactKey: Guid(1b0cc2c1914eb2d4c934af38175cb9c3) Importer(815301076,1909f56bfc062723c751e8b465ee728b)
Start importing Assets/Prefabs/InvincibilityPotion.prefab using Guid(1b0cc2c1914eb2d4c934af38175cb9c3) Importer(815301076,1909f56bfc062723c751e8b465ee728b)  -> (artifact id: 'd5cc93f0a456f317b3a3691ec7c0a6fc') in 0.052829 seconds 
  Import took 0.075634 seconds .

========================================================================
Received Import Request.
  Time since last request: 0.001055 seconds.
  path: Assets/Prefabs/h (2).prefab
  artifactKey: Guid(ba4d4485ba118ab4789d3167672831a7) Importer(815301076,1909f56bfc062723c751e8b465ee728b)
Start importing Assets/Prefabs/h (2).prefab using Guid(ba4d4485ba118ab4789d3167672831a7) Importer(815301076,1909f56bfc062723c751e8b465ee728b)  -> (artifact id: '240f35a346b6ee32cff996665ebbe7a4') in 0.044533 seconds 
  Import took 0.141823 seconds .

========================================================================
Received Import Request.
  Time since last request: 0.001107 seconds.
  path: Assets/Prefabs/Segment Type Two.prefab
  artifactKey: Guid(7f8cbf1d825d7ed42a68e4707015d91b) Importer(815301076,1909f56bfc062723c751e8b465ee728b)
Start importing Assets/Prefabs/Segment Type Two.prefab using Guid(7f8cbf1d825d7ed42a68e4707015d91b) Importer(815301076,1909f56bfc062723c751e8b465ee728b)  -> (artifact id: '061b577619288b65b14889a0f5e822d6') in 0.047736 seconds 
  Import took 0.095168 seconds .

========================================================================
Received Import Request.
  Time since last request: 0.001107 seconds.
  path: Assets/Prefabs/CylinderObstacle.prefab
  artifactKey: Guid(ab31be9a019bc034e8f49a5e867ce434) Importer(815301076,1909f56bfc062723c751e8b465ee728b)
Start importing Assets/Prefabs/CylinderObstacle.prefab using Guid(ab31be9a019bc034e8f49a5e867ce434) Importer(815301076,1909f56bfc062723c751e8b465ee728b)  -> (artifact id: '5dd912b3d97c21ee67c007dabcdc7039') in 0.051715 seconds 
  Import took 0.085726 seconds .

========================================================================
Received Import Request.
  Time since last request: 0.001062 seconds.
  path: Assets/Prefabs/RodObstacle.prefab
  artifactKey: Guid(be9e179ce80cf784db92b7b5d423ff87) Importer(815301076,1909f56bfc062723c751e8b465ee728b)
Start importing Assets/Prefabs/RodObstacle.prefab using Guid(be9e179ce80cf784db92b7b5d423ff87) Importer(815301076,1909f56bfc062723c751e8b465ee728b)  -> (artifact id: '2343df24b9db01b2270beffe9540689c') in 0.073069 seconds 
  Import took 0.130674 seconds .

========================================================================
Received Import Request.
  Time since last request: 0.001099 seconds.
  path: Assets/Prefabs/Player.prefab
  artifactKey: Guid(29ffcde912965c3449d283e5179a4ba2) Importer(815301076,1909f56bfc062723c751e8b465ee728b)
Start importing Assets/Prefabs/Player.prefab using Guid(29ffcde912965c3449d283e5179a4ba2) Importer(815301076,1909f56bfc062723c751e8b465ee728b)  -> (artifact id: '11f6ddcd1786fd0a6576ede2f08a240b') in 0.044638 seconds 
  Import took 0.106837 seconds .

========================================================================
Received Import Request.
  Time since last request: 0.000971 seconds.
  path: Assets/Prefabs/Primary Segment.prefab
  artifactKey: Guid(41e97fb4b35b5804aa65337c28f48ed8) Importer(815301076,1909f56bfc062723c751e8b465ee728b)
Start importing Assets/Prefabs/Primary Segment.prefab using Guid(41e97fb4b35b5804aa65337c28f48ed8) Importer(815301076,1909f56bfc062723c751e8b465ee728b)  -> (artifact id: '1a7a480051387db79140baf540c6cf6e') in 0.040261 seconds 
  Import took 0.080453 seconds .

========================================================================
Received Import Request.
  Time since last request: 0.001346 seconds.
  path: Assets/Prefabs/donut.prefab
  artifactKey: Guid(1a7d4f86dee1d914ea8b0d7ce62f9ebb) Importer(815301076,1909f56bfc062723c751e8b465ee728b)
Start importing Assets/Prefabs/donut.prefab using Guid(1a7d4f86dee1d914ea8b0d7ce62f9ebb) Importer(815301076,1909f56bfc062723c751e8b465ee728b)  -> (artifact id: '22811b74fe81c17ec17f6ff5d016e1d7') in 0.105457 seconds 
  Import took 0.121025 seconds .

========================================================================
Received Import Request.
  Time since last request: 0.001149 seconds.
  path: Assets/Prefabs/h (4).prefab
  artifactKey: Guid(949e84dee2ce7a444a2568da3486f425) Importer(815301076,1909f56bfc062723c751e8b465ee728b)
Start importing Assets/Prefabs/h (4).prefab using Guid(949e84dee2ce7a444a2568da3486f425) Importer(815301076,1909f56bfc062723c751e8b465ee728b)  -> (artifact id: 'c5e1d9adf1716b0e10737bbcc975a560') in 0.046674 seconds 
  Import took 0.061573 seconds .

========================================================================
Received Prepare
Registering precompiled user dll's ...
Registered in 0.021990 seconds.
Begin MonoManager ReloadAssembly
Native extension for WindowsStandalone target not found
Refreshing native plugins compatible for Editor in 1.42 ms, found 2 plugins.
Preloading 0 native plugins for Editor in 0.00 ms.
Mono: successfully reloaded assembly
- Completed reload, in  6.023 seconds
Domain Reload Profiling:
	ReloadAssembly (6025ms)
		BeginReloadAssembly (570ms)
			ExecutionOrderSort (0ms)
			DisableScriptedObjects (22ms)
			BackupInstance (0ms)
			ReleaseScriptingObjects (0ms)
			CreateAndSetChildDomain (160ms)
		EndReloadAssembly (5205ms)
			LoadAssemblies (460ms)
			RebuildTransferFunctionScriptingTraits (0ms)
			SetupTypeCache (1551ms)
			ReleaseScriptCaches (6ms)
			RebuildScriptCaches (377ms)
			SetupLoadedEditorAssemblies (2162ms)
				LogAssemblyErrors (0ms)
				InitializePlatformSupportModulesInManaged (33ms)
				SetLoadedEditorAssemblies (3ms)
				RefreshPlugins (2ms)
				BeforeProcessingInitializeOnLoad (312ms)
				ProcessInitializeOnLoadAttributes (1752ms)
				ProcessInitializeOnLoadMethodAttributes (22ms)
				AfterProcessingInitializeOnLoad (37ms)
				EditorAssembliesLoaded (1ms)
			ExecutionOrderSort2 (0ms)
			AwakeInstancesAfterBackupRestoration (39ms)
Platform modules already initialized, skipping
Refreshing native plugins compatible for Editor in 1.13 ms, found 2 plugins.
Preloading 0 native plugins for Editor in 0.00 ms.
Unloading 1506 Unused Serialized files (Serialized files now loaded: 0)
System memory in use before: 76.9 MB.
System memory in use after: 77.0 MB.

Unloading 17 unused Assets to reduce memory usage. Loaded Objects now: 2002.
Total: 13.002400 ms (FindLiveObjects: 1.733200 ms CreateObjectMapping: 0.533100 ms MarkObjects: 10.386800 ms  DeleteObjects: 0.331900 ms)

AssetImportParameters requested are different than current active one (requested -> active):
  custom:framework-win-MediaFoundation: 216162199b28c13a410421893ffa2e32 -> 
  custom:video-decoder-ogg-theora: a1e56fd34408186e4bbccfd4996cb3dc -> 
  custom:container-muxer-webm: aa71ff27fc2769a1b78a27578f13a17b -> 
  custom:container-demuxer-webm: 4f35f7cbe854078d1ac9338744f61a02 -> 
  custom:container-demuxer-ogg: 62fdf1f143b41e24485cea50d1cbac27 -> 
  custom:video-encoder-webm-vp8: eb34c28f22e8b96e1ab97ce403110664 -> 
  custom:video-decoder-webm-vp8: 9c59270c3fd7afecdb556c50c9e8de78 -> 
  custom:audio-decoder-ogg-vorbis: bf7c407c2cedff20999df2af8eb42d56 -> 
  custom:audio-encoder-webm-vorbis: bf7c407c2cedff20999df2af8eb42d56 -> 
AssetImportWorkerClient::OnTransportError - code=2 error=End of file
